
sound: system execution failed.
Following is the set of recorded exceptions:

-------------------------------------------------------------------------------
Class / Object      Routine                Nature of exception           Effect
-------------------------------------------------------------------------------
ACTIVE              generate_window @1     game_screen_video_enabled:   
<000000000232E220>  (From GAME_WINDOW_SURFACED_BUILDER)
                                           Precondition violated.        Fail
-------------------------------------------------------------------------------
APPLICATION         create_window @4                                    
<0000000003DB35A8>                         Routine failure.              Fail
-------------------------------------------------------------------------------
APPLICATION         run_game @1                                         
<0000000003DB35A8>                         Routine failure.              Fail
-------------------------------------------------------------------------------
APPLICATION         make @3                                             
<0000000003DB35A8>                         Routine failure.              Fail
-------------------------------------------------------------------------------
APPLICATION         root's creation                                     
<0000000003DB35A8>                         Routine failure.              Exit
-------------------------------------------------------------------------------
